# JRE version: OpenJDK Runtime Environment Temurin-17.0.10+7 (17.0.10+7) (build 17.0.10+7)
# Java VM: OpenJDK 64-Bit Server VM Temurin-17.0.10+7 (17.0.10+7, mixed mode, emulated-client, tiered, compressed oops, compressed class ptrs, g1 gc, windows-amd64)
GC Precious Log:
 CPUs: 12 total, 12 available
 Memory: 7967M
 Large Page Support: Disabled
 NUMA Support: Disabled
 Compressed Oops: Enabled (32-bit)
 Heap Region Size: 1M
 Heap Min Capacity: 8M
 Heap Initial Capacity: 126M
 Heap Max Capacity: 1G
 Pre-touch: Disabled
 Parallel Workers: 10
 Concurrent Workers: 3
 Concurrent Refinement Workers: 10
 Periodic GC: Disabled
Heap:
 garbage-first heap   total 130048K, used 37718K [0x00000000c0000000, 0x0000000100000000)
  region size 1024K, 1 young (1024K), 0 survivors (0K)
 Metaspace       used 58827K, committed 59584K, reserved 1114112K
  class space    used 7303K, committed 7616K, reserved 1048576K
GC Heap History (20 events):
Event: 676.376 GC heap before
{Heap before GC invocations=62 (full 47):
 garbage-first heap   total 130048K, used 37718K [0x00000000c0000000, 0x0000000100000000)
  region size 1024K, 1 young (1024K), 0 survivors (0K)
 Metaspace       used 58827K, committed 59584K, reserved 1114112K
  class space    used 7303K, committed 7616K, reserved 1048576K
}
Event: 676.470 GC heap after
{Heap after GC invocations=63 (full 48):
 garbage-first heap   total 130048K, used 37718K [0x00000000c0000000, 0x0000000100000000)
  region size 1024K, 0 young (0K), 0 survivors (0K)
 Metaspace       used 58827K, committed 59584K, reserved 1114112K
  class space    used 7303K, committed 7616K, reserved 1048576K
}
Event: 687.528 GC heap before
{Heap before GC invocations=63 (full 48):
 garbage-first heap   total 130048K, used 37718K [0x00000000c0000000, 0x0000000100000000)
  region size 1024K, 1 young (1024K), 0 survivors (0K)
 Metaspace       used 58827K, committed 59584K, reserved 1114112K
  class space    used 7303K, committed 7616K, reserved 1048576K
}
Event: 687.580 GC heap after
{Heap after GC invocations=64 (full 49):
 garbage-first heap   total 130048K, used 37718K [0x00000000c0000000, 0x0000000100000000)
  region size 1024K, 0 young (0K), 0 survivors (0K)
 Metaspace       used 58827K, committed 59584K, reserved 1114112K
  class space    used 7303K, committed 7616K, reserved 1048576K
}
Event: 699.295 GC heap before
{Heap before GC invocations=64 (full 49):
 garbage-first heap   total 130048K, used 37718K [0x00000000c0000000, 0x0000000100000000)
  region size 1024K, 1 young (1024K), 0 survivors (0K)
 Metaspace       used 58827K, committed 59584K, reserved 1114112K
  class space    used 7303K, committed 7616K, reserved 1048576K
}
Event: 699.446 GC heap after
{Heap after GC invocations=65 (full 50):
 garbage-first heap   total 130048K, used 37718K [0x00000000c0000000, 0x0000000100000000)
  region size 1024K, 0 young (0K), 0 survivors (0K)
 Metaspace       used 58827K, committed 59584K, reserved 1114112K
  class space    used 7303K, committed 7616K, reserved 1048576K
}
Event: 712.116 GC heap before
{Heap before GC invocations=65 (full 50):
 garbage-first heap   total 130048K, used 37718K [0x00000000c0000000, 0x0000000100000000)
  region size 1024K, 1 young (1024K), 0 survivors (0K)
 Metaspace       used 58827K, committed 59584K, reserved 1114112K
  class space    used 7303K, committed 7616K, reserved 1048576K
}
Event: 712.274 GC heap after
{Heap after GC invocations=66 (full 51):
 garbage-first heap   total 130048K, used 37718K [0x00000000c0000000, 0x0000000100000000)
  region size 1024K, 0 young (0K), 0 survivors (0K)
 Metaspace       used 58827K, committed 59584K, reserved 1114112K
  class space    used 7303K, committed 7616K, reserved 1048576K
}
Event: 725.228 GC heap before
{Heap before GC invocations=66 (full 51):
 garbage-first heap   total 130048K, used 37718K [0x00000000c0000000, 0x0000000100000000)
  region size 1024K, 1 young (1024K), 0 survivors (0K)
 Metaspace       used 58827K, committed 59584K, reserved 1114112K
  class space    used 7303K, committed 7616K, reserved 1048576K
}
Event: 725.400 GC heap after
{Heap after GC invocations=67 (full 52):
 garbage-first heap   total 130048K, used 37718K [0x00000000c0000000, 0x0000000100000000)
  region size 1024K, 0 young (0K), 0 survivors (0K)
 Metaspace       used 58827K, committed 59584K, reserved 1114112K
  class space    used 7303K, committed 7616K, reserved 1048576K
}
Event: 736.912 GC heap before
{Heap before GC invocations=67 (full 52):
 garbage-first heap   total 130048K, used 37718K [0x00000000c0000000, 0x0000000100000000)
  region size 1024K, 1 young (1024K), 0 survivors (0K)
 Metaspace       used 58827K, committed 59584K, reserved 1114112K
  class space    used 7303K, committed 7616K, reserved 1048576K
}
Event: 737.080 GC heap after
{Heap after GC invocations=68 (full 53):
 garbage-first heap   total 130048K, used 37718K [0x00000000c0000000, 0x0000000100000000)
  region size 1024K, 0 young (0K), 0 survivors (0K)
 Metaspace       used 58827K, committed 59584K, reserved 1114112K
  class space    used 7303K, committed 7616K, reserved 1048576K
}
Event: 752.042 GC heap before
{Heap before GC invocations=68 (full 53):
 garbage-first heap   total 130048K, used 37718K [0x00000000c0000000, 0x0000000100000000)
  region size 1024K, 1 young (1024K), 0 survivors (0K)
 Metaspace       used 58827K, committed 59584K, reserved 1114112K
  class space    used 7303K, committed 7616K, reserved 1048576K
}
Event: 752.226 GC heap after
{Heap after GC invocations=69 (full 54):
 garbage-first heap   total 130048K, used 37718K [0x00000000c0000000, 0x0000000100000000)
  region size 1024K, 0 young (0K), 0 survivors (0K)
 Metaspace       used 58827K, committed 59584K, reserved 1114112K
  class space    used 7303K, committed 7616K, reserved 1048576K
}
Event: 763.929 GC heap before
{Heap before GC invocations=69 (full 54):
 garbage-first heap   total 130048K, used 37718K [0x00000000c0000000, 0x0000000100000000)
  region size 1024K, 1 young (1024K), 0 survivors (0K)
 Metaspace       used 58827K, committed 59584K, reserved 1114112K
  class space    used 7303K, committed 7616K, reserved 1048576K
}
Event: 764.071 GC heap after
{Heap after GC invocations=70 (full 55):
 garbage-first heap   total 130048K, used 37718K [0x00000000c0000000, 0x0000000100000000)
  region size 1024K, 0 young (0K), 0 survivors (0K)
 Metaspace       used 58827K, committed 59584K, reserved 1114112K
  class space    used 7303K, committed 7616K, reserved 1048576K
}
Event: 776.611 GC heap before
{Heap before GC invocations=70 (full 55):
 garbage-first heap   total 130048K, used 37718K [0x00000000c0000000, 0x0000000100000000)
  region size 1024K, 1 young (1024K), 0 survivors (0K)
 Metaspace       used 58827K, committed 59584K, reserved 1114112K
  class space    used 7303K, committed 7616K, reserved 1048576K
}
Event: 776.938 GC heap after
{Heap after GC invocations=71 (full 56):
 garbage-first heap   total 130048K, used 37718K [0x00000000c0000000, 0x0000000100000000)
  region size 1024K, 0 young (0K), 0 survivors (0K)
 Metaspace       used 58827K, committed 59584K, reserved 1114112K
  class space    used 7303K, committed 7616K, reserved 1048576K
}
Event: 789.423 GC heap before
{Heap before GC invocations=71 (full 56):
 garbage-first heap   total 130048K, used 37718K [0x00000000c0000000, 0x0000000100000000)
  region size 1024K, 1 young (1024K), 0 survivors (0K)
 Metaspace       used 58827K, committed 59584K, reserved 1114112K
  class space    used 7303K, committed 7616K, reserved 1048576K
}
Event: 789.611 GC heap after
{Heap after GC invocations=72 (full 57):
 garbage-first heap   total 130048K, used 37718K [0x00000000c0000000, 0x0000000100000000)
  region size 1024K, 0 young (0K), 0 survivors (0K)
 Metaspace       used 58827K, committed 59584K, reserved 1114112K
  class space    used 7303K, committed 7616K, reserved 1048576K
}

